<?xml version="1.0" encoding="UTF-8"?>
<testsuite xmlns:xsi="http://www.w3.org/2001/XMLSchema-instance" xsi:noNamespaceSchemaLocation="https://maven.apache.org/surefire/maven-surefire-plugin/xsd/surefire-test-report.xsd" name="edu.bsu.cs420.javaships.JsonShipTest" time="0.038" tests="10" errors="0" skipped="0" failures="0">
  <properties>
[...]
</properties>
  <testcase name="testShipCollectionFromString_Content" classname="edu.bsu.cs420.javaships.JsonShipTest" time="0.016"/>
  <testcase name="testCreateShipFromString_Mmsi" classname="edu.bsu.cs420.javaships.JsonShipTest" time="0"/>
  <testcase name="testCreateShipFromString_Name" classname="edu.bsu.cs420.javaships.JsonShipTest" time="0.001"/>
  <testcase name="testCreateShipFromString_null" classname="edu.bsu.cs420.javaships.JsonShipTest" time="0"/>
  <testcase name="testShipCollectionFromString_ShipAsList" classname="edu.bsu.cs420.javaships.JsonShipTest" time="0.001"/>
  <testcase name="testCreateShipFromString_Client" classname="edu.bsu.cs420.javaships.JsonShipTest" time="0.001"/>
  <testcase name="testToJsonObject_Client" classname="edu.bsu.cs420.javaships.JsonShipTest" time="0"/>
  <testcase name="testShipCollectionFromString_Size" classname="edu.bsu.cs420.javaships.JsonShipTest" time="0"/>
  <testcase name="testToJsonObject_Mmsi" classname="edu.bsu.cs420.javaships.JsonShipTest" time="0"/>
  <testcase name="testToJsonObject_Name" classname="edu.bsu.cs420.javaships.JsonShipTest" time="0"/>
</testsuite>